<?xml version="1.0" encoding="UTF-8"?>
<!-- Generated by org.testng.reporters.JUnitReportReporter -->
<testsuite skipped="0" hostname="vaibs-pc" name="day2.GitHub" tests="2" failures="0" timestamp="2021-10-08T15:30:05 IST" time="3.680" errors="0">
  <testcase name="createRepositories" time="2.934" classname="day2.GitHub"/>
  <system-out/>
  <testcase name="gettingAllRepositories" time="0.746" classname="day2.GitHub"/>
  <system-out/>
</testsuite> <!-- day2.GitHub -->
