<?xml version="1.0" encoding="UTF-8"?>
<!-- Generated by org.testng.reporters.JUnitReportReporter -->
<testsuite skipped="0" hostname="vaibs-pc" name="day1.WeatherAPI" tests="4" failures="0" timestamp="2021-10-07T19:06:08 IST" time="8.038" errors="0">
  <testcase name="getWeather1" time="5.254" classname="day1.WeatherAPI"/>
  <system-out/>
  <testcase name="getWeather3" time="0.945" classname="day1.WeatherAPI"/>
  <system-out/>
  <testcase name="getWeather2" time="0.877" classname="day1.WeatherAPI"/>
  <system-out/>
  <testcase name="getWeather4" time="0.962" classname="day1.WeatherAPI"/>
  <system-out/>
</testsuite> <!-- day1.WeatherAPI -->
