<?xml version="1.0" encoding="UTF-8"?>
<!-- Generated by org.testng.reporters.JUnitReportReporter -->
<testsuite skipped="3" hostname="vaibs-pc" name="day2.PositiveContactList" tests="4" failures="0" timestamp="2021-10-08T16:48:05 IST" time="4.304" errors="0">
  <testcase name="postAddingContact" time="4.304" classname="day2.PositiveContactList"/>
  <system-out/>
  <testcase name="getSpecficConatact2" classname="day2.PositiveContactList">
    <skipped/>
  </testcase> <!-- getSpecficConatact2 -->
  <system-out/>
  <testcase name="getSpecficConatact" classname="day2.PositiveContactList">
    <skipped/>
  </testcase> <!-- getSpecficConatact -->
  <system-out/>
  <testcase name="getContactListenInfo" classname="day2.PositiveContactList">
    <skipped/>
  </testcase> <!-- getContactListenInfo -->
  <system-out/>
</testsuite> <!-- day2.PositiveContactList -->
