<?xml version="1.0" encoding="UTF-8"?>
<!-- Generated by org.testng.reporters.JUnitReportReporter -->
<testsuite skipped="2" hostname="vaibs-pc" name="day2.NegativeContactList" tests="4" failures="0" timestamp="2021-10-08T12:56:56 IST" time="3.730" errors="0">
  <testcase name="MissingEmailId" time="3.290" classname="day2.NegativeContactList"/>
  <system-out/>
  <testcase name="addingContactBigSize" time="0.440" classname="day2.NegativeContactList"/>
  <system-out/>
  <testcase name="addingContactMissing" classname="day2.NegativeContactList">
    <skipped/>
  </testcase> <!-- addingContactMissing -->
  <system-out/>
  <testcase name="recordNotFound" classname="day2.NegativeContactList">
    <skipped/>
  </testcase> <!-- recordNotFound -->
  <system-out/>
</testsuite> <!-- day2.NegativeContactList -->
